<?xml version="1.0" encoding="utf-8"?><testsuites name="pytest tests"><testsuite name="pytest" errors="0" failures="0" skipped="0" tests="7" time="13.415" timestamp="2026-09-01T12:50:09.290597+00:00" hostname="agent-env-f39c2330-d20e-4766-bb48-521c79ec7b56"><testcase classname="tests.test_score" name="test_ielts_score_shape_and_model_answer" time="4.462" /><testcase classname="tests.test_score" name="test_icao_score_shape_and_model_answer" time="4.956" /><testcase classname="tests.test_score" name="test_free_talk_score_shape" time="3.363" /><testcase classname="tests.test_score" name="test_score_transcript_too_short[ielts]" time="0.073" /><testcase classname="tests.test_score" name="test_score_transcript_too_short[icao]" time="0.072" /><testcase classname="tests.test_score" name="test_score_transcript_too_short[free]" time="0.071" /><testcase classname="tests.test_score" name="test_api_root" time="0.084" /></testsuite></testsuites>