<?xml version="1.0" encoding="utf-8"?><testsuites name="pytest tests"><testsuite name="pytest" errors="0" failures="0" skipped="0" tests="4" time="10.575" timestamp="2026-09-01T12:32:46.154707+00:00" hostname="agent-env-f39c2330-d20e-4766-bb48-521c79ec7b56"><testcase classname="tests.test_score" name="test_ielts_score_shape" time="3.465" /><testcase classname="tests.test_score" name="test_icao_score_shape" time="6.461" /><testcase classname="tests.test_score" name="test_score_transcript_too_short" time="0.082" /><testcase classname="tests.test_score" name="test_api_root" time="0.234" /></testsuite></testsuites>